<?xml version="1.0" encoding="UTF-8"?>
<robot generator="Robot 7.3.2 (Python 3.13.0 on win32)" generated="2025-11-20T15:29:18.949119" rpa="false" schemaversion="5">
<suite id="s1" name="Login Main" source="C:\Users\Hp\PycharmProjects\PythonProject1\Test\login_main.robot">
<test id="s1-t1" name="Valid Login Test" line="7">
<kw name="Open Login Page" owner="login_keyword">
<kw name="Open Browser" owner="SeleniumLibrary">
<msg time="2025-11-20T15:29:19.095583" level="INFO">Opening browser 'chrome' to base url 'https://opensource-demo.orangehrmlive.com/'.</msg>
<arg>${LOGIN_URL}</arg>
<arg>chrome</arg>
<doc>Opens a new browser instance to the optional ``url``.</doc>
<status status="PASS" start="2025-11-20T15:29:19.095393" elapsed="27.464410"/>
</kw>
<kw name="Maximize Browser Window" owner="SeleniumLibrary">
<doc>Maximizes current browser window.</doc>
<status status="PASS" start="2025-11-20T15:29:46.560092" elapsed="0.045696"/>
</kw>
<status status="PASS" start="2025-11-20T15:29:19.094840" elapsed="27.511209"/>
</kw>
<kw name="Enter Username" owner="login_keyword">
<kw name="Wait Until Element Is Visible" owner="SeleniumLibrary">
<arg>${USERNAME_FIELD}</arg>
<arg>10s</arg>
<doc>Waits until the element ``locator`` is visible.</doc>
<status status="PASS" start="2025-11-20T15:29:46.608062" elapsed="8.927774"/>
</kw>
<kw name="Input Text" owner="SeleniumLibrary">
<msg time="2025-11-20T15:29:55.536414" level="INFO">Typing text 'Admin' into text field 'xpath://input[@placeholder="Username"]'.</msg>
<arg>${USERNAME_FIELD}</arg>
<arg>${username}</arg>
<doc>Types the given ``text`` into the text field identified by ``locator``.</doc>
<status status="PASS" start="2025-11-20T15:29:55.536074" elapsed="0.115309"/>
</kw>
<arg>Admin</arg>
<status status="PASS" start="2025-11-20T15:29:46.607226" elapsed="9.044377"/>
</kw>
<kw name="Enter Password" owner="login_keyword">
<kw name="Input Text" owner="SeleniumLibrary">
<msg time="2025-11-20T15:29:55.652955" level="INFO">Typing text 'admin123' into text field 'xpath://input[@type="password"]'.</msg>
<arg>${PASSWORD_FIELD}</arg>
<arg>${password}</arg>
<doc>Types the given ``text`` into the text field identified by ``locator``.</doc>
<status status="PASS" start="2025-11-20T15:29:55.652565" elapsed="0.086879"/>
</kw>
<arg>admin123</arg>
<status status="PASS" start="2025-11-20T15:29:55.652103" elapsed="0.087513"/>
</kw>
<kw name="Click Login Button" owner="login_keyword">
<kw name="Click Button" owner="SeleniumLibrary">
<msg time="2025-11-20T15:29:55.740520" level="INFO">Clicking button 'xpath://button[@type='submit']'.</msg>
<arg>${LOGIN_BUTTON}</arg>
<doc>Clicks the button identified by ``locator``.</doc>
<status status="PASS" start="2025-11-20T15:29:55.740318" elapsed="29.387256"/>
</kw>
<status status="PASS" start="2025-11-20T15:29:55.740041" elapsed="29.387789"/>
</kw>
<kw name="Verify Login Successful" owner="login_keyword">
<kw name="Get Location" owner="SeleniumLibrary">
<msg time="2025-11-20T15:30:25.135159" level="INFO">${https://opensource-demo.orangehrmlive.com/web/index.php/dashboard/index} = https://opensource-demo.orangehrmlive.com/web/index.php/dashboard/index</msg>
<var>${https://opensource-demo.orangehrmlive.com/web/index.php/dashboard/index}</var>
<doc>Returns the current browser window URL.</doc>
<status status="PASS" start="2025-11-20T15:30:25.128681" elapsed="0.006539"/>
</kw>
<kw name="Should Contain" owner="BuiltIn">
<arg>${https://opensource-demo.orangehrmlive.com/web/index.php/dashboard/index}</arg>
<arg>dashboard</arg>
<doc>Fails if ``container`` does not contain ``item`` one or more times.</doc>
<status status="PASS" start="2025-11-20T15:30:25.135410" elapsed="0.000251"/>
</kw>
<status status="PASS" start="2025-11-20T15:30:25.128322" elapsed="0.007435"/>
</kw>
<kw name="Close Browser" owner="SeleniumLibrary">
<doc>Closes the current browser.</doc>
<status status="PASS" start="2025-11-20T15:30:25.136066" elapsed="2.229407"/>
</kw>
<status status="PASS" start="2025-11-20T15:29:19.093926" elapsed="68.271954"/>
</test>
<status status="PASS" start="2025-11-20T15:29:18.951640" elapsed="68.415020"/>
</suite>
<statistics>
<total>
<stat pass="1" fail="0" skip="0">All Tests</stat>
</total>
<tag>
</tag>
<suite>
<stat name="Login Main" id="s1" pass="1" fail="0" skip="0">Login Main</stat>
</suite>
</statistics>
<errors>
</errors>
</robot>
